<?xml version="1.0" encoding="UTF-8"?>
<!-- Generated by org.testng.reporters.JUnitXMLReporter -->
<testsuite hostname="WLW10-SUDHIRN" ignored="0" name="Command line test" tests="6" failures="0" timestamp="2020-10-19T18:36:08 IST" time="0.051" errors="0">
  <testcase name="m1" time="0.002" classname="udemy.Mavenjava.E1Test"/>
  <testcase name="m2" time="0.001" classname="udemy.Mavenjava.E1Test"/>
  <testcase name="m3" time="0.0" classname="udemy.Mavenjava.E2Test"/>
  <testcase name="m4" time="0.0" classname="udemy.Mavenjava.E2Test"/>
  <testcase name="m5" time="0.001" classname="udemy.Mavenjava.E3Test"/>
  <testcase name="m6" time="0.0" classname="udemy.Mavenjava.E3Test"/>
</testsuite> <!-- Command line test -->
