<?xml version="1.0" encoding="UTF-8" ?>
<testsuite tests="6" failures="0" name="TestSuite" time="0.005" errors="0" skipped="0">
  <properties>
[...]
</properties>
  <testcase classname="udemy.Mavenjava.E1Test" name="m1" time="0.005"/>
  <testcase classname="udemy.Mavenjava.E1Test" name="m2" time="0"/>
  <testcase classname="udemy.Mavenjava.E2Test" name="m3" time="0"/>
  <testcase classname="udemy.Mavenjava.E2Test" name="m4" time="0"/>
  <testcase classname="udemy.Mavenjava.E3Test" name="m5" time="0"/>
  <testcase classname="udemy.Mavenjava.E3Test" name="m6" time="0"/>
</testsuite>